0 verbose cli C:\Program Files\nodejs\node.exe C:\Program Files\nodejs\node_modules\npm\bin\npm-cli.js
1 info using npm@10.9.2
2 info using node@v22.13.0
3 silly config load:file:C:\Program Files\nodejs\node_modules\npm\npmrc
4 silly config load:file:C:\Users\usrlabecon\Downloads\Givas-Company-main\.npmrc
5 silly config load:file:C:\Users\usrlabecon\.npmrc
6 silly config load:file:C:\Users\usrlabecon\AppData\Roaming\npm\etc\npmrc
7 verbose title npm install
8 verbose argv "install"
9 verbose logfile logs-max:10 dir:C:\Users\usrlabecon\Downloads\Givas-Company-main\.npm_cache\_logs\2025-07-26T10_42_36_877Z-
10 verbose logfile C:\Users\usrlabecon\Downloads\Givas-Company-main\.npm_cache\_logs\2025-07-26T10_42_36_877Z-debug-0.log
11 silly logfile done cleaning log files
12 silly packumentCache heap:2197815296 maxSize:549453824 maxEntrySize:274726912
13 silly idealTree buildDeps
14 silly fetch manifest date-fns@^2.28.0 || ^3.0.0
15 silly packumentCache full:https://registry.npmjs.org/date-fns cache-miss
16 http cache https://registry.npmjs.org/date-fns 27ms (cache hit)
17 silly packumentCache full:https://registry.npmjs.org/date-fns set size:3443758 disposed:false
18 silly fetch manifest react@^16.8.0 || ^17.0.0 || ^18.0.0
19 silly packumentCache full:https://registry.npmjs.org/react cache-miss
20 http cache https://registry.npmjs.org/react 20ms (cache hit)
21 silly packumentCache full:https://registry.npmjs.org/react set size:5889200 disposed:false
22 verbose stack Error: could not resolve
22 verbose stack     at PlaceDep.failPeerConflict (C:\Program Files\nodejs\node_modules\npm\node_modules\@npmcli\arborist\lib\place-dep.js:503:25)
22 verbose stack     at new PlaceDep (C:\Program Files\nodejs\node_modules\npm\node_modules\@npmcli\arborist\lib\place-dep.js:157:21)
22 verbose stack     at #buildDepStep (C:\Program Files\nodejs\node_modules\npm\node_modules\@npmcli\arborist\lib\arborist\build-ideal-tree.js:920:18)
22 verbose stack     at async Arborist.buildIdealTree (C:\Program Files\nodejs\node_modules\npm\node_modules\@npmcli\arborist\lib\arborist\build-ideal-tree.js:181:7)
22 verbose stack     at async Promise.all (index 1)
22 verbose stack     at async Arborist.reify (C:\Program Files\nodejs\node_modules\npm\node_modules\@npmcli\arborist\lib\arborist\reify.js:131:5)
22 verbose stack     at async Install.exec (C:\Program Files\nodejs\node_modules\npm\lib\commands\install.js:150:5)
22 verbose stack     at async Npm.exec (C:\Program Files\nodejs\node_modules\npm\lib\npm.js:207:9)
22 verbose stack     at async module.exports (C:\Program Files\nodejs\node_modules\npm\lib\cli\entry.js:74:5)
23 error code ERESOLVE
24 error ERESOLVE could not resolve
25 error
26 error While resolving: react-day-picker@8.10.1
26 error Found: date-fns@4.1.0[2m[22m
26 error [2mnode_modules/date-fns[22m
26 error   date-fns@"4.1.0" from the root project
26 error
26 error Could not resolve dependency:
26 error [95mpeer[39m date-fns@"^2.28.0 || ^3.0.0" from react-day-picker@8.10.1[2m[22m
26 error [2mnode_modules/react-day-picker[22m
26 error   react-day-picker@"8.10.1" from the root project
26 error
26 error Conflicting peer dependency: date-fns@3.6.0[2m[22m
26 error [2mnode_modules/date-fns[22m
26 error   [95mpeer[39m date-fns@"^2.28.0 || ^3.0.0" from react-day-picker@8.10.1[2m[22m
26 error   [2mnode_modules/react-day-picker[22m
26 error     react-day-picker@"8.10.1" from the root project
26 error
26 error Fix the upstream dependency conflict, or retry
26 error this command with --force or --legacy-peer-deps
26 error to accept an incorrect (and potentially broken) dependency resolution.
27 error
27 error
27 error For a full report see:
27 error C:\Users\usrlabecon\Downloads\Givas-Company-main\.npm_cache\_logs\2025-07-26T10_42_36_877Z-eresolve-report.txt
28 silly unfinished npm timer reify 1753526557342
29 silly unfinished npm timer reify:loadTrees 1753526557342
30 silly unfinished npm timer idealTree:buildDeps 1753526557440
31 silly unfinished npm timer idealTree:node_modules/react-day-picker 1753526557441
32 verbose cwd C:\Users\usrlabecon\Downloads\Givas-Company-main
33 verbose os Windows_NT 10.0.19045
34 verbose node v22.13.0
35 verbose npm  v10.9.2
36 verbose exit 1
37 verbose code 1
38 error A complete log of this run can be found in: C:\Users\usrlabecon\Downloads\Givas-Company-main\.npm_cache\_logs\2025-07-26T10_42_36_877Z-debug-0.log
